wan_android/build/intermediates/manifest_merge_blame_file/debug/manifest-merger-blame-debug-report.txt
1<?xml version="1.0" encoding="utf-8"?>
2<manifest xmlns:android="http://schemas.android.com/apk/res/android"
3    xmlns:dist="http://schemas.android.com/apk/distribution"
4    xmlns:tools="http://schemas.android.com/tools"
5    package="com.shijingfeng.wan_android"
6    android:versionCode="1"
7    android:versionName="1.0.0" >
8
9    <uses-sdk
10        android:minSdkVersion="21"
10-->manifest\library\AndroidManifest.xml
11        android:targetSdkVersion="29" />
11-->manifest\library\AndroidManifest.xml
12
13    <!-- 网络权限 -->
14    <uses-permission android:name="android.permission.INTERNET" />
14-->manifest\library\AndroidManifest.xml:8:5-67
14-->manifest\library\AndroidManifest.xml:8:22-64
15    <!-- 网络状态权限 -->
16    <uses-permission android:name="android.permission.ACCESS_NETWORK_STATE" />
16-->manifest\library\AndroidManifest.xml:10:5-79
16-->manifest\library\AndroidManifest.xml:10:22-76
17    <!-- WIFI状态权限 -->
18    <uses-permission android:name="android.permission.ACCESS_WIFI_STATE" />
18-->manifest\library\AndroidManifest.xml:12:5-76
18-->manifest\library\AndroidManifest.xml:12:22-73
19    <!-- 读取外部存储权限 -->
20    <uses-permission android:name="android.permission.READ_EXTERNAL_STORAGE" />
20-->manifest\library\AndroidManifest.xml:14:5-80
20-->manifest\library\AndroidManifest.xml:14:22-77
21    <!-- 写入外部存储权限 -->
22    <uses-permission android:name="android.permission.WRITE_EXTERNAL_STORAGE" />
22-->manifest\library\AndroidManifest.xml:16:5-81
22-->manifest\library\AndroidManifest.xml:16:22-78
23    <!-- 读取手机状态权限 -->
24    <uses-permission android:name="android.permission.READ_PHONE_STATE" />
24-->manifest\library\AndroidManifest.xml:18:5-75
24-->manifest\library\AndroidManifest.xml:18:22-72
25    <!-- 读取设置权限 -->
26    <uses-permission android:name="android.permission.READ_SETTINGS" />
26-->manifest\library\AndroidManifest.xml:20:5-72
26-->manifest\library\AndroidManifest.xml:20:22-69
27    <!-- 保持CPU 运转，屏幕和键盘灯有可能是关闭的,用于文件上传和下载 -->
28    <uses-permission android:name="android.permission.WAKE_LOCK" />
28-->manifest\library\AndroidManifest.xml:22:5-68
28-->manifest\library\AndroidManifest.xml:22:22-65
29
30    <!-- 写入设置权限 -->
31    <uses-permission
31-->manifest\library\AndroidManifest.xml:25:5-27:47
32        android:name="android.permission.WRITE_SETTINGS"
32-->manifest\library\AndroidManifest.xml:26:9-57
33        tools:ignore="ProtectedPermissions" />
33-->manifest\library\AndroidManifest.xml:27:9-44
34    <!-- 挂载外部存储权限 -->
35    <uses-permission
35-->manifest\library\AndroidManifest.xml:29:5-31:47
36        android:name="android.permission.MOUNT_UNMOUNT_FILESYSTEMS"
36-->manifest\library\AndroidManifest.xml:30:9-68
37        tools:ignore="ProtectedPermissions" />
37-->manifest\library\AndroidManifest.xml:31:9-44
38
39    <!-- 硬件加速对X5视频播放非常重要，建议开启 -->
40    <uses-permission android:name="android.permission.GET_TASKS" />
40-->manifest\library\AndroidManifest.xml:34:5-68
40-->manifest\library\AndroidManifest.xml:34:22-65
41
42    <dist:module dist:instant="true" />
42-->manifest\library\AndroidManifest.xml:36:5-40
42-->manifest\library\AndroidManifest.xml:36:18-37
43
44    <!--
45    allowBackup: 是否开启应用备份功能(有安全漏洞，建议关闭) (true<默认>: 开启  false: 关闭)
46    supportsRtl: true: Api17及以上使用系统设置的方向 RTL 或 LTR  false<默认>: 使用从左到右的方向(LTR)
47    hardwareAccelerated: true: 开启硬件加速(使用GPU解码)  false<默认>: 关闭硬件加速(使用CPU解码)
48    hasFragileUserData: 卸载APP时 是否保留 用户外部私有目录数据 (true: 保留  false<默认>: 不保留)
49    networkSecurityConfig: Android 10 (API 29)以上默认仅支持 HTTPS 链接, 所以要想使用 HTTP 则需要此配置
50    requestLegacyExternalStorage: 设置外部存储访问模式, 分为 Filtered View(默认) 和 Legacy View, Filtered View模式规定只能自由访问外部存储 APP 私有目录, 访问其他目录需要 MediaStore 或 SAF, Legacy View模式兼容以前版本, 无限制, 参考 https://mp.weixin.qq.com/s/aiDMyAfAZvaYIHuIMLAlcg
51    -->
52    <application
52-->manifest\library\AndroidManifest.xml:46:5-107:19
53        android:allowBackup="false"
53-->manifest\library\AndroidManifest.xml:47:9-36
54        android:hardwareAccelerated="true"
54-->manifest\library\AndroidManifest.xml:48:9-43
55        android:hasFragileUserData="true"
55-->manifest\library\AndroidManifest.xml:49:9-42
56        android:networkSecurityConfig="@xml/network_security_config"
56-->manifest\library\AndroidManifest.xml:50:9-69
57        android:supportsRtl="true"
57-->manifest\library\AndroidManifest.xml:51:9-35
58        tools:ignore="GoogleAppIndexingWarning,UnusedAttribute"
58-->manifest\library\AndroidManifest.xml:52:9-64
59        tools:replace="android:allowBackup" >
59-->manifest\library\AndroidManifest.xml:53:9-44
60
61        <!-- 启动页 -->
62        <activity android:name="com.shijingfeng.wan_android.ui.activity.SplashActivity" />
62-->manifest\library\AndroidManifest.xml:56:9-64
62-->manifest\library\AndroidManifest.xml:56:19-61
63        <!-- 登录 Activity -->
64        <activity android:name="com.shijingfeng.wan_android.ui.activity.LoginActivity" />
64-->manifest\library\AndroidManifest.xml:58:9-63
64-->manifest\library\AndroidManifest.xml:58:19-60
65        <!-- 注册 Activity -->
66        <activity android:name="com.shijingfeng.wan_android.ui.activity.RegisterActivity" />
66-->manifest\library\AndroidManifest.xml:60:9-66
66-->manifest\library\AndroidManifest.xml:60:19-63
67        <!-- 首页 Activity -->
68        <activity
68-->manifest\library\AndroidManifest.xml:62:9-64:47
69            android:name="com.shijingfeng.wan_android.ui.activity.MainActivity"
69-->manifest\library\AndroidManifest.xml:63:13-53
70            android:launchMode="singleTask" />
70-->manifest\library\AndroidManifest.xml:64:13-44
71        <!-- 用户信息 Activity -->
72        <activity android:name="com.shijingfeng.wan_android.ui.activity.UserInfoActivity" />
72-->manifest\library\AndroidManifest.xml:66:9-66
72-->manifest\library\AndroidManifest.xml:66:19-63
73        <!-- 通用WebView页面 -->
74        <activity
74-->manifest\library\AndroidManifest.xml:68:9-70:62
75            android:name="com.shijingfeng.wan_android.ui.activity.WebViewActivity"
75-->manifest\library\AndroidManifest.xml:69:13-56
76            android:configChanges="orientation|screenSize" />
76-->manifest\library\AndroidManifest.xml:70:13-59
77        <!-- 积分排行榜 Activity -->
78        <activity android:name="com.shijingfeng.wan_android.ui.activity.CoinRankActivity" />
78-->manifest\library\AndroidManifest.xml:72:9-66
78-->manifest\library\AndroidManifest.xml:72:19-63
79        <!-- 积分记录 Activity -->
80        <activity android:name="com.shijingfeng.wan_android.ui.activity.CoinRecordActivity" />
80-->manifest\library\AndroidManifest.xml:74:9-68
80-->manifest\library\AndroidManifest.xml:74:19-65
81        <!-- 我的收藏 Activity -->
82        <activity android:name="com.shijingfeng.wan_android.ui.activity.PersonalCollectionActivity" />
82-->manifest\library\AndroidManifest.xml:76:9-76
82-->manifest\library\AndroidManifest.xml:76:19-73
83        <!-- 系统设置页面 -->
84        <activity android:name="com.shijingfeng.wan_android.ui.activity.SettingActivity" />
84-->manifest\library\AndroidManifest.xml:78:9-65
84-->manifest\library\AndroidManifest.xml:78:19-62
85        <!-- 关于我们 Activity -->
86        <activity android:name="com.shijingfeng.wan_android.ui.activity.AboutUsActivity" />
86-->manifest\library\AndroidManifest.xml:80:9-65
86-->manifest\library\AndroidManifest.xml:80:19-62
87        <!-- 知识体系 详细数据 Activity -->
88        <activity android:name="com.shijingfeng.wan_android.ui.activity.KnowledgeClassifyDetailActivity" />
88-->manifest\library\AndroidManifest.xml:82:9-81
88-->manifest\library\AndroidManifest.xml:82:19-78
89        <!-- 搜索 Activity -->
90        <activity android:name="com.shijingfeng.wan_android.ui.activity.SearchActivity" />
90-->manifest\library\AndroidManifest.xml:84:9-64
90-->manifest\library\AndroidManifest.xml:84:19-61
91        <!-- 搜索列表 Activity -->
92        <activity android:name="com.shijingfeng.wan_android.ui.activity.SearchListActivity" />
92-->manifest\library\AndroidManifest.xml:86:9-68
92-->manifest\library\AndroidManifest.xml:86:19-65
93        <activity android:name="com.shijingfeng.wan_android.ui.activity.BmobTestActivity" />
93-->manifest\library\AndroidManifest.xml:88:9-66
93-->manifest\library\AndroidManifest.xml:88:19-63
94
95        <!-- Bmob内容提供器 -->
96        <provider
96-->manifest\library\AndroidManifest.xml:91:9-94:40
97            android:name="cn.bmob.v3.util.BmobContentProvider"
97-->manifest\library\AndroidManifest.xml:92:13-63
98            android:authorities="${applicationId}.BmobContentProvider"
98-->manifest\library\AndroidManifest.xml:93:13-71
99            android:exported="false" />
99-->manifest\library\AndroidManifest.xml:94:13-37
100
101        <!--
102         移除 WorkManger默认使用ContentProvider初始化, 使用自定义初始化
103         (采用ContentProvider初始化, 就不用在 Application中初始化和传入Context了)
104        -->
105        <provider
105-->manifest\library\AndroidManifest.xml:99:9-105:35
106            android:name="androidx.work.impl.WorkManagerInitializer"
106-->manifest\library\AndroidManifest.xml:100:13-69
107            android:authorities="${applicationId}.workmanager-init"
107-->manifest\library\AndroidManifest.xml:101:13-68
108            android:directBootAware="false"
108-->manifest\library\AndroidManifest.xml:102:13-44
109            android:exported="false"
109-->manifest\library\AndroidManifest.xml:103:13-37
110            android:multiprocess="true"
110-->manifest\library\AndroidManifest.xml:104:13-40
111            tools:node="remove" />
111-->manifest\library\AndroidManifest.xml:105:13-32
112    </application>
113
114</manifest>